11:29:35.217 [main] DEBUG api.test.UserTests - debugging.....
11:29:35.226 [main] INFO  api.test.UserTests - ********** Creating user  ***************
11:29:36.722 [main] INFO  api.test.UserTests - **********User is creatged  ***************
11:29:36.725 [main] INFO  api.test.UserTests - ********** Reading User Info ***************
11:29:37.025 [main] INFO  api.test.UserTests - **********User info  is displayed ***************
11:29:37.027 [main] INFO  api.test.UserTests - ********** Updating User ***************
11:29:37.336 [main] INFO  api.test.UserTests - ********** User updated ***************
11:29:37.644 [main] INFO  api.test.UserTests - **********   Deleting User  ***************
11:29:37.949 [main] INFO  api.test.UserTests - ********** User deleted ***************
11:31:05.613 [main] DEBUG api.test.UserTests - debugging.....
11:31:05.621 [main] INFO  api.test.UserTests - ********** Creating user  ***************
11:31:07.148 [main] INFO  api.test.UserTests - **********User is created  ***************
11:31:07.152 [main] INFO  api.test.UserTests - ********** Reading User Info ***************
11:31:07.467 [main] INFO  api.test.UserTests - **********User info  is displayed ***************
11:31:07.468 [main] INFO  api.test.UserTests - ********** Updating User ***************
11:31:07.787 [main] INFO  api.test.UserTests - ********** User updated ***************
11:31:08.086 [main] INFO  api.test.UserTests - **********   Deleting User  ***************
11:31:08.382 [main] INFO  api.test.UserTests - ********** User deleted ***************
11:39:23.407 [main] DEBUG api.test.UserTests - debugging.....
11:39:23.407 [main] INFO  api.test.UserTests - ********** Creating user  ***************
11:39:24.926 [main] INFO  api.test.UserTests - **********User is created  ***************
11:39:24.927 [main] INFO  api.test.UserTests - ********** Reading User Info ***************
11:39:25.240 [main] INFO  api.test.UserTests - **********User info  is displayed ***************
11:39:25.240 [main] INFO  api.test.UserTests - ********** Updating User ***************
11:39:25.553 [main] INFO  api.test.UserTests - ********** User updated ***************
11:39:25.866 [main] INFO  api.test.UserTests - **********   Deleting User  ***************
11:39:26.180 [main] INFO  api.test.UserTests - ********** User deleted ***************
11:41:12.525 [main] DEBUG api.test.UserTests - debugging.....
11:41:12.540 [main] INFO  api.test.UserTests - ********** Creating user  ***************
11:41:14.308 [main] INFO  api.test.UserTests - **********User is created  ***************
11:41:14.308 [main] INFO  api.test.UserTests - ********** Reading User Info ***************
11:41:14.637 [main] INFO  api.test.UserTests - **********User info  is displayed ***************
11:41:14.637 [main] INFO  api.test.UserTests - ********** Updating User ***************
11:41:14.950 [main] INFO  api.test.UserTests - ********** User updated ***************
11:41:15.266 [main] INFO  api.test.UserTests - **********   Deleting User  ***************
11:41:15.627 [main] INFO  api.test.UserTests - ********** User deleted ***************
12:02:02.766 [main] DEBUG api.test.UserTests2 - debugging.....
12:02:02.766 [main] INFO  api.test.UserTests2 - ********** Creating user  ***************
12:02:04.481 [main] INFO  api.test.UserTests2 - **********User is creatged  ***************
12:02:04.486 [main] INFO  api.test.UserTests2 - ********** Reading User Info ***************
12:02:04.790 [main] INFO  api.test.UserTests2 - **********User info  is displayed ***************
12:02:04.790 [main] INFO  api.test.UserTests2 - ********** Updating User ***************
12:02:05.094 [main] INFO  api.test.UserTests2 - ********** User updated ***************
12:02:05.391 [main] INFO  api.test.UserTests2 - **********   Deleting User  ***************
12:02:05.706 [main] INFO  api.test.UserTests2 - ********** User deleted ***************
12:12:42.150 [main] DEBUG api.test.UserTests2 - debugging.....
12:12:42.166 [main] INFO  api.test.UserTests2 - ********** Creating user  ***************
12:12:43.684 [main] INFO  api.test.UserTests2 - **********User is creatged  ***************
12:12:43.690 [main] INFO  api.test.UserTests2 - ********** Reading User Info ***************
12:12:44.022 [main] INFO  api.test.UserTests2 - **********User info  is displayed ***************
12:12:44.022 [main] INFO  api.test.UserTests2 - ********** Updating User ***************
12:12:44.334 [main] INFO  api.test.UserTests2 - ********** User updated ***************
12:12:44.649 [main] INFO  api.test.UserTests2 - **********   Deleting User  ***************
12:12:44.965 [main] INFO  api.test.UserTests2 - ********** User deleted ***************
12:24:02.846 [main] DEBUG api.test.UserTests2 - debugging.....
12:24:02.862 [main] INFO  api.test.UserTests2 - ********** Creating user  ***************
12:24:04.600 [main] INFO  api.test.UserTests2 - **********User is creatged  ***************
12:24:04.615 [main] INFO  api.test.UserTests2 - ********** Reading User Info ***************
12:24:04.923 [main] INFO  api.test.UserTests2 - **********User info  is displayed ***************
12:24:04.926 [main] INFO  api.test.UserTests2 - ********** Updating User ***************
12:24:05.209 [main] INFO  api.test.UserTests2 - ********** User updated ***************
12:24:05.513 [main] INFO  api.test.UserTests2 - **********   Deleting User  ***************
12:24:05.810 [main] INFO  api.test.UserTests2 - ********** User deleted ***************
